<?xml version="1.0" encoding="UTF-8"?>
<testng-results ignored="0" total="3" passed="3" failed="0" skipped="0">
  <reporter-output>
  </reporter-output>
  <suite started-at="2024-01-02T17:18:24 EST" name="All Test Suite" finished-at="2024-01-02T17:18:46 EST" duration-ms="22472">
    <groups>
      <group name="p0">
        <method signature="Ebay_Home_Page.empty_URL_Check()[pri:0, instance:com.abc.tests.Ebay_Home_Page@140c9f39]" name="empty_URL_Check" class="com.abc.tests.Ebay_Home_Page"/>
      </group> <!-- p0 -->
      <group name="p1">
        <method signature="Ebay_Advance_Page_Search.ebay_logo_link_navigates_home_page_test()[pri:0, instance:com.abc.tests.Ebay_Advance_Page_Search@53aad5d5]" name="ebay_logo_link_navigates_home_page_test" class="com.abc.tests.Ebay_Advance_Page_Search"/>
        <method signature="Ebay_Home_Page.empty_URL_Check()[pri:0, instance:com.abc.tests.Ebay_Home_Page@140c9f39]" name="empty_URL_Check" class="com.abc.tests.Ebay_Home_Page"/>
      </group> <!-- p1 -->
      <group name="p2">
        <method signature="Ebay_Advance_Page_Search.ebay_advance_search_keyword_test()[pri:0, instance:com.abc.tests.Ebay_Advance_Page_Search@53aad5d5]" name="ebay_advance_search_keyword_test" class="com.abc.tests.Ebay_Advance_Page_Search"/>
        <method signature="Ebay_Advance_Page_Search.ebay_logo_link_navigates_home_page_test()[pri:0, instance:com.abc.tests.Ebay_Advance_Page_Search@53aad5d5]" name="ebay_logo_link_navigates_home_page_test" class="com.abc.tests.Ebay_Advance_Page_Search"/>
      </group> <!-- p2 -->
    </groups>
    <test started-at="2024-01-02T17:18:24 EST" name="C:/Users/mailm/TestNGFramework" finished-at="2024-01-02T17:18:46 EST" duration-ms="22472">
      <class name="com.abc.tests.Ebay_Advance_Page_Search">
        <test-method is-config="true" signature="setup(java.lang.String)[pri:0, instance:com.abc.tests.Ebay_Advance_Page_Search@53aad5d5]" started-at="2024-01-02T17:18:24 EST" name="setup" finished-at="2024-01-02T17:18:29 EST" duration-ms="5525" status="PASS">
          <params>
            <param index="0">
              <value>
                <![CDATA[chrome]]>
              </value>
            </param>
          </params>
          <reporter-output>
          </reporter-output>
        </test-method> <!-- setup -->
        <test-method signature="ebay_logo_link_navigates_home_page_test()[pri:0, instance:com.abc.tests.Ebay_Advance_Page_Search@53aad5d5]" started-at="2024-01-02T17:18:29 EST" name="ebay_logo_link_navigates_home_page_test" finished-at="2024-01-02T17:18:37 EST" duration-ms="7394" status="PASS">
          <reporter-output>
          </reporter-output>
        </test-method> <!-- ebay_logo_link_navigates_home_page_test -->
        <test-method is-config="true" signature="tearDown()[pri:0, instance:com.abc.tests.Ebay_Advance_Page_Search@53aad5d5]" started-at="2024-01-02T17:18:37 EST" name="tearDown" finished-at="2024-01-02T17:18:37 EST" duration-ms="766" status="PASS">
          <reporter-output>
          </reporter-output>
        </test-method> <!-- tearDown -->
        <test-method is-config="true" signature="setup(java.lang.String)[pri:0, instance:com.abc.tests.Ebay_Advance_Page_Search@53aad5d5]" started-at="2024-01-02T17:18:37 EST" name="setup" finished-at="2024-01-02T17:18:41 EST" duration-ms="4049" status="PASS">
          <params>
            <param index="0">
              <value>
                <![CDATA[chrome]]>
              </value>
            </param>
          </params>
          <reporter-output>
          </reporter-output>
        </test-method> <!-- setup -->
        <test-method signature="ebay_advance_search_keyword_test()[pri:0, instance:com.abc.tests.Ebay_Advance_Page_Search@53aad5d5]" started-at="2024-01-02T17:18:41 EST" name="ebay_advance_search_keyword_test" finished-at="2024-01-02T17:18:46 EST" duration-ms="4131" status="PASS">
          <reporter-output>
          </reporter-output>
        </test-method> <!-- ebay_advance_search_keyword_test -->
        <test-method is-config="true" signature="tearDown()[pri:0, instance:com.abc.tests.Ebay_Advance_Page_Search@53aad5d5]" started-at="2024-01-02T17:18:46 EST" name="tearDown" finished-at="2024-01-02T17:18:46 EST" duration-ms="498" status="PASS">
          <reporter-output>
          </reporter-output>
        </test-method> <!-- tearDown -->
      </class> <!-- com.abc.tests.Ebay_Advance_Page_Search -->
      <class name="com.abc.tests.Ebay_Home_Page">
        <test-method is-config="true" signature="setup(java.lang.String)[pri:0, instance:com.abc.tests.Ebay_Home_Page@140c9f39]" started-at="2024-01-02T17:18:24 EST" name="setup" finished-at="2024-01-02T17:18:30 EST" duration-ms="6500" status="PASS">
          <params>
            <param index="0">
              <value>
                <![CDATA[chrome]]>
              </value>
            </param>
          </params>
          <reporter-output>
          </reporter-output>
        </test-method> <!-- setup -->
        <test-method signature="empty_URL_Check()[pri:0, instance:com.abc.tests.Ebay_Home_Page@140c9f39]" started-at="2024-01-02T17:18:30 EST" name="empty_URL_Check" finished-at="2024-01-02T17:18:32 EST" duration-ms="2307" status="PASS">
          <reporter-output>
          </reporter-output>
        </test-method> <!-- empty_URL_Check -->
        <test-method is-config="true" signature="tearDown()[pri:0, instance:com.abc.tests.Ebay_Home_Page@140c9f39]" started-at="2024-01-02T17:18:32 EST" name="tearDown" finished-at="2024-01-02T17:18:34 EST" duration-ms="1401" status="PASS">
          <reporter-output>
          </reporter-output>
        </test-method> <!-- tearDown -->
      </class> <!-- com.abc.tests.Ebay_Home_Page -->
    </test> <!-- C:/Users/mailm/TestNGFramework -->
  </suite> <!-- All Test Suite -->
</testng-results>
